<?xml version="1.0" encoding="UTF-8"?>
<!-- Generated by org.testng.reporters.JUnitReportReporter -->
<testsuite hostname="DESKTOP-EL5FA1A" failures="0" tests="1" name="ejemplo.NewTest" time="3.915" errors="0" timestamp="2023-02-27T11:17:15 CET" skipped="0">
  <testcase classname="ejemplo.NewTest" name="testEasy" time="3.915"/>
  <system-out/>
</testsuite> <!-- ejemplo.NewTest -->
